app/manifest-merger-release-report.txt
-- Merging decision tree log ---
manifest
ADDED from AndroidManifest.xml:2:1
	package
		ADDED from AndroidManifest.xml:3:5
		INJECTED from AndroidManifest.xml:0:0
		INJECTED from AndroidManifest.xml:0:0
	android:versionName
		ADDED from AndroidManifest.xml:5:5
	android:versionCode
		ADDED from AndroidManifest.xml:4:5
		INJECTED from AndroidManifest.xml:0:0
		INJECTED from AndroidManifest.xml:0:0
	xmlns:android
		ADDED from AndroidManifest.xml:2:11
uses-sdk
ADDED from AndroidManifest.xml:7:5
MERGED from Lotto64fun:library:unspecified:22:5
	android:targetSdkVersion
		ADDED from AndroidManifest.xml:9:9
		INJECTED from AndroidManifest.xml:0:0
		INJECTED from AndroidManifest.xml:0:0
	android:minSdkVersion
		ADDED from AndroidManifest.xml:8:9
		INJECTED from AndroidManifest.xml:0:0
		INJECTED from AndroidManifest.xml:0:0
uses-permission#android.permission.INTERNET
ADDED from AndroidManifest.xml:13:5
	android:name
		ADDED from AndroidManifest.xml:13:22
uses-permission#com.android.vending.CHECK_LICENSE
ADDED from AndroidManifest.xml:14:5
MERGED from Lotto64fun:library:unspecified:26:5
	android:name
		ADDED from AndroidManifest.xml:14:22
application
ADDED from AndroidManifest.xml:16:5
	android:label
		ADDED from AndroidManifest.xml:20:9
	android:allowBackup
		ADDED from AndroidManifest.xml:18:9
	android:icon
		ADDED from AndroidManifest.xml:19:9
	android:theme
		ADDED from AndroidManifest.xml:21:9
activity#com.rsnorrena.lotto64fun.Splash
ADDED from AndroidManifest.xml:22:9
	android:screenOrientation
		ADDED from AndroidManifest.xml:25:13
	android:label
		ADDED from AndroidManifest.xml:24:13
	android:name
		ADDED from AndroidManifest.xml:23:13
intent-filter#android.intent.action.MAIN+android.intent.category.LAUNCHER
ADDED from AndroidManifest.xml:26:13
action#android.intent.action.MAIN
ADDED from AndroidManifest.xml:27:17
	android:name
		ADDED from AndroidManifest.xml:27:25
category#android.intent.category.LAUNCHER
ADDED from AndroidManifest.xml:29:17
	android:name
		ADDED from AndroidManifest.xml:29:27
activity#com.rsnorrena.lotto64fun.About
ADDED from AndroidManifest.xml:32:9
	android:screenOrientation
		ADDED from AndroidManifest.xml:35:13
	android:label
		ADDED from AndroidManifest.xml:34:13
	android:name
		ADDED from AndroidManifest.xml:33:13
intent-filter#android.intent.action.ABOUT+android.intent.category.DEFAULT
ADDED from AndroidManifest.xml:36:13
action#android.intent.action.ABOUT
ADDED from AndroidManifest.xml:37:17
	android:name
		ADDED from AndroidManifest.xml:37:25
category#android.intent.category.DEFAULT
ADDED from AndroidManifest.xml:39:17
	android:name
		ADDED from AndroidManifest.xml:39:27
activity#com.rsnorrena.lotto64fun.MainActivity
ADDED from AndroidManifest.xml:42:9
	android:screenOrientation
		ADDED from AndroidManifest.xml:45:13
	android:label
		ADDED from AndroidManifest.xml:44:13
	android:name
		ADDED from AndroidManifest.xml:43:13
intent-filter#android.intent.action.MAINACTIVITY+android.intent.category.DEFAULT
ADDED from AndroidManifest.xml:46:13
action#android.intent.action.MAINACTIVITY
ADDED from AndroidManifest.xml:47:17
	android:name
		ADDED from AndroidManifest.xml:47:25
activity#com.rsnorrena.lotto64fun.DidIWin
ADDED from AndroidManifest.xml:52:9
	android:screenOrientation
		ADDED from AndroidManifest.xml:55:13
	android:label
		ADDED from AndroidManifest.xml:54:13
	android:name
		ADDED from AndroidManifest.xml:53:13
intent-filter#android.intent.action.DIDIWIN+android.intent.category.DEFAULT
ADDED from AndroidManifest.xml:56:13
action#android.intent.action.DIDIWIN
ADDED from AndroidManifest.xml:57:17
	android:name
		ADDED from AndroidManifest.xml:57:25
activity#com.rsnorrena.lotto64fun.Statistics
ADDED from AndroidManifest.xml:62:9
	android:screenOrientation
		ADDED from AndroidManifest.xml:65:13
	android:label
		ADDED from AndroidManifest.xml:64:13
	android:name
		ADDED from AndroidManifest.xml:63:13
intent-filter#android.intent.action.STATISTICS+android.intent.category.DEFAULT
ADDED from AndroidManifest.xml:66:13
action#android.intent.action.STATISTICS
ADDED from AndroidManifest.xml:67:17
	android:name
		ADDED from AndroidManifest.xml:67:25